2020-09-29 14:50:37 SEVERE: Exception occured while getting OAuthTokens from DB(file::ZohoOAuthPersistenceHandler)(mysqli::__construct(): (HY000/1049): Unknown database 'zohooauth')
ErrorException: mysqli::__construct(): (HY000/1049): Unknown database 'zohooauth' in /Users/harish/Projects/Earning Designs/Aliens/LILA/lila-laravel/vendor/zohocrm/php-sdk/src/oauth/persistence/ZohoOAuthPersistenceHandler.php:86
Stack trace:
#0 [internal function]: Illuminate\Foundation\Bootstrap\HandleExceptions->handleError(2, 'mysqli::__const...', '/Users/harish/P...', 86, Array)
#1 /Users/harish/Projects/Earning Designs/Aliens/LILA/lila-laravel/vendor/zohocrm/php-sdk/src/oauth/persistence/ZohoOAuthPersistenceHandler.php(86): mysqli->__construct('localhost:3306', 'root', '', 'zohooauth')
#2 /Users/harish/Projects/Earning Designs/Aliens/LILA/lila-laravel/vendor/zohocrm/php-sdk/src/oauth/persistence/ZohoOAuthPersistenceHandler.php(40): zcrmsdk\oauth\persistence\ZohoOAuthPersistenceHandler->getMysqlConnection()
#3 /Users/harish/Projects/Earning Designs/Aliens/LILA/lila-laravel/vendor/zohocrm/php-sdk/src/oauth/ZohoOAuthClient.php(38): zcrmsdk\oauth\persistence\ZohoOAuthPersistenceHandler->getOAuthTokens('harish@earningd...')
#4 /Users/harish/Projects/Earning Designs/Aliens/LILA/lila-laravel/vendor/zohocrm/php-sdk/src/crm/utility/ZCRMConfigUtil.php(104): zcrmsdk\oauth\ZohoOAuthClient->getAccessToken('harish@earningd...')
#5 /Users/harish/Projects/Earning Designs/Aliens/LILA/lila-laravel/vendor/zohocrm/php-sdk/src/crm/api/APIRequest.php(88): zcrmsdk\crm\utility\ZCRMConfigUtil::getAccessToken()
#6 /Users/harish/Projects/Earning Designs/Aliens/LILA/lila-laravel/vendor/zohocrm/php-sdk/src/crm/api/APIRequest.php(138): zcrmsdk\crm\api\APIRequest->authenticateRequest()
#7 /Users/harish/Projects/Earning Designs/Aliens/LILA/lila-laravel/vendor/zohocrm/php-sdk/src/crm/api/handler/MassEntityAPIHandler.php(59): zcrmsdk\crm\api\APIRequest->getBulkAPIResponse()
#8 /Users/harish/Projects/Earning Designs/Aliens/LILA/lila-laravel/vendor/zohocrm/php-sdk/src/crm/crud/ZCRMModule.php(1170): zcrmsdk\crm\api\handler\MassEntityAPIHandler->createRecords(Array, NULL, NULL, NULL)
#9 /Users/harish/Projects/Earning Designs/Aliens/LILA/lila-laravel/app/Http/Controllers/ZohoController.php(65): zcrmsdk\crm\crud\ZCRMModule->createRecords(Array)
#10 [internal function]: App\Http\Controllers\ZohoController->createRecords()
#11 /Users/harish/Projects/Earning Designs/Aliens/LILA/lila-laravel/vendor/laravel/framework/src/Illuminate/Routing/Controller.php(54): call_user_func_array(Array, Array)
#12 /Users/harish/Projects/Earning Designs/Aliens/LILA/lila-laravel/vendor/laravel/framework/src/Illuminate/Routing/ControllerDispatcher.php(45): Illuminate\Routing\Controller->callAction('createRecords', Array)
#13 /Users/harish/Projects/Earning Designs/Aliens/LILA/lila-laravel/vendor/laravel/framework/src/Illuminate/Routing/Route.php(225): Illuminate\Routing\ControllerDispatcher->dispatch(Object(Illuminate\Routing\Route), Object(App\Http\Controllers\ZohoController), 'createRecords')
#14 /Users/harish/Projects/Earning Designs/Aliens/LILA/lila-laravel/vendor/laravel/framework/src/Illuminate/Routing/Route.php(182): Illuminate\Routing\Route->runController()
#15 /Users/harish/Projects/Earning Designs/Aliens/LILA/lila-laravel/vendor/laravel/framework/src/Illuminate/Routing/Router.php(681): Illuminate\Routing\Route->run()
#16 /Users/harish/Projects/Earning Designs/Aliens/LILA/lila-laravel/vendor/laravel/framework/src/Illuminate/Pipeline/Pipeline.php(128): Illuminate\Routing\Router->Illuminate\Routing\{closure}(Object(Illuminate\Http\Request))
#17 /Users/harish/Projects/Earning Designs/Aliens/LILA/lila-laravel/vendor/laravel/framework/src/Illuminate/Routing/Middleware/SubstituteBindings.php(41): Illuminate\Pipeline\Pipeline->Illuminate\Pipeline\{closure}(Object(Illuminate\Http\Request))
#18 /Users/harish/Projects/Earning Designs/Aliens/LILA/lila-laravel/vendor/laravel/framework/src/Illuminate/Pipeline/Pipeline.php(167): Illuminate\Routing\Middleware\SubstituteBindings->handle(Object(Illuminate\Http\Request), Object(Closure))
#19 /Users/harish/Projects/Earning Designs/Aliens/LILA/lila-laravel/vendor/laravel/framework/src/Illuminate/Foundation/Http/Middleware/VerifyCsrfToken.php(76): Illuminate\Pipeline\Pipeline->Illuminate\Pipeline\{closure}(Object(Illuminate\Http\Request))
#20 /Users/harish/Projects/Earning Designs/Aliens/LILA/lila-laravel/vendor/laravel/framework/src/Illuminate/Pipeline/Pipeline.php(167): Illuminate\Foundation\Http\Middleware\VerifyCsrfToken->handle(Object(Illuminate\Http\Request), Object(Closure))
#21 /Users/harish/Projects/Earning Designs/Aliens/LILA/lila-laravel/vendor/laravel/framework/src/Illuminate/Session/Middleware/AuthenticateSession.php(58): Illuminate\Pipeline\Pipeline->Illuminate\Pipeline\{closure}(Object(Illuminate\Http\Request))
#22 /Users/harish/Projects/Earning Designs/Aliens/LILA/lila-laravel/vendor/laravel/framework/src/Illuminate/Pipeline/Pipeline.php(167): Illuminate\Session\Middleware\AuthenticateSession->handle(Object(Illuminate\Http\Request), Object(Closure))
#23 /Users/harish/Projects/Earning Designs/Aliens/LILA/lila-laravel/vendor/laravel/framework/src/Illuminate/View/Middleware/ShareErrorsFromSession.php(49): Illuminate\Pipeline\Pipeline->Illuminate\Pipeline\{closure}(Object(Illuminate\Http\Request))
#24 /Users/harish/Projects/Earning Designs/Aliens/LILA/lila-laravel/vendor/laravel/framework/src/Illuminate/Pipeline/Pipeline.php(167): Illuminate\View\Middleware\ShareErrorsFromSession->handle(Object(Illuminate\Http\Request), Object(Closure))
#25 /Users/harish/Projects/Earning Designs/Aliens/LILA/lila-laravel/vendor/laravel/framework/src/Illuminate/Session/Middleware/StartSession.php(56): Illuminate\Pipeline\Pipeline->Illuminate\Pipeline\{closure}(Object(Illuminate\Http\Request))
#26 /Users/harish/Projects/Earning Designs/Aliens/LILA/lila-laravel/vendor/laravel/framework/src/Illuminate/Pipeline/Pipeline.php(167): Illuminate\Session\Middleware\StartSession->handle(Object(Illuminate\Http\Request), Object(Closure))
#27 /Users/harish/Projects/Earning Designs/Aliens/LILA/lila-laravel/vendor/laravel/framework/src/Illuminate/Cookie/Middleware/AddQueuedCookiesToResponse.php(37): Illuminate\Pipeline\Pipeline->Illuminate\Pipeline\{closure}(Object(Illuminate\Http\Request))
#28 /Users/harish/Projects/Earning Designs/Aliens/LILA/lila-laravel/vendor/laravel/framework/src/Illuminate/Pipeline/Pipeline.php(167): Illuminate\Cookie\Middleware\AddQueuedCookiesToResponse->handle(Object(Illuminate\Http\Request), Object(Closure))
#29 /Users/harish/Projects/Earning Designs/Aliens/LILA/lila-laravel/vendor/laravel/framework/src/Illuminate/Cookie/Middleware/EncryptCookies.php(66): Illuminate\Pipeline\Pipeline->Illuminate\Pipeline\{closure}(Object(Illuminate\Http\Request))
#30 /Users/harish/Projects/Earning Designs/Aliens/LILA/lila-laravel/vendor/laravel/framework/src/Illuminate/Pipeline/Pipeline.php(167): Illuminate\Cookie\Middleware\EncryptCookies->handle(Object(Illuminate\Http\Request), Object(Closure))
#31 /Users/harish/Projects/Earning Designs/Aliens/LILA/lila-laravel/vendor/laravel/framework/src/Illuminate/Pipeline/Pipeline.php(103): Illuminate\Pipeline\Pipeline->Illuminate\Pipeline\{closure}(Object(Illuminate\Http\Request))
#32 /Users/harish/Projects/Earning Designs/Aliens/LILA/lila-laravel/vendor/laravel/framework/src/Illuminate/Routing/Router.php(683): Illuminate\Pipeline\Pipeline->then(Object(Closure))
#33 /Users/harish/Projects/Earning Designs/Aliens/LILA/lila-laravel/vendor/laravel/framework/src/Illuminate/Routing/Router.php(658): Illuminate\Routing\Router->runRouteWithinStack(Object(Illuminate\Routing\Route), Object(Illuminate\Http\Request))
#34 /Users/harish/Projects/Earning Designs/Aliens/LILA/lila-laravel/vendor/laravel/framework/src/Illuminate/Routing/Router.php(624): Illuminate\Routing\Router->runRoute(Object(Illuminate\Http\Request), Object(Illuminate\Routing\Route))
#35 /Users/harish/Projects/Earning Designs/Aliens/LILA/lila-laravel/vendor/laravel/framework/src/Illuminate/Routing/Router.php(613): Illuminate\Routing\Router->dispatchToRoute(Object(Illuminate\Http\Request))
#36 /Users/harish/Projects/Earning Designs/Aliens/LILA/lila-laravel/vendor/laravel/framework/src/Illuminate/Foundation/Http/Kernel.php(165): Illuminate\Routing\Router->dispatch(Object(Illuminate\Http\Request))
#37 /Users/harish/Projects/Earning Designs/Aliens/LILA/lila-laravel/vendor/laravel/framework/src/Illuminate/Pipeline/Pipeline.php(128): Illuminate\Foundation\Http\Kernel->Illuminate\Foundation\Http\{closure}(Object(Illuminate\Http\Request))
#38 /Users/harish/Projects/Earning Designs/Aliens/LILA/lila-laravel/vendor/spatie/laravel-cookie-consent/src/CookieConsentMiddleware.php(12): Illuminate\Pipeline\Pipeline->Illuminate\Pipeline\{closure}(Object(Illuminate\Http\Request))
#39 /Users/harish/Projects/Earning Designs/Aliens/LILA/lila-laravel/vendor/laravel/framework/src/Illuminate/Pipeline/Pipeline.php(167): Spatie\CookieConsent\CookieConsentMiddleware->handle(Object(Illuminate\Http\Request), Object(Closure))
#40 /Users/harish/Projects/Earning Designs/Aliens/LILA/lila-laravel/vendor/fruitcake/laravel-cors/src/HandleCors.php(37): Illuminate\Pipeline\Pipeline->Illuminate\Pipeline\{closure}(Object(Illuminate\Http\Request))
#41 /Users/harish/Projects/Earning Designs/Aliens/LILA/lila-laravel/vendor/laravel/framework/src/Illuminate/Pipeline/Pipeline.php(167): Fruitcake\Cors\HandleCors->handle(Object(Illuminate\Http\Request), Object(Closure))
#42 /Users/harish/Projects/Earning Designs/Aliens/LILA/lila-laravel/vendor/fideloper/proxy/src/TrustProxies.php(57): Illuminate\Pipeline\Pipeline->Illuminate\Pipeline\{closure}(Object(Illuminate\Http\Request))
#43 /Users/harish/Projects/Earning Designs/Aliens/LILA/lila-laravel/vendor/laravel/framework/src/Illuminate/Pipeline/Pipeline.php(167): Fideloper\Proxy\TrustProxies->handle(Object(Illuminate\Http\Request), Object(Closure))
#44 /Users/harish/Projects/Earning Designs/Aliens/LILA/lila-laravel/vendor/laravel/framework/src/Illuminate/Foundation/Http/Middleware/TransformsRequest.php(21): Illuminate\Pipeline\Pipeline->Illuminate\Pipeline\{closure}(Object(Illuminate\Http\Request))
#45 /Users/harish/Projects/Earning Designs/Aliens/LILA/lila-laravel/vendor/laravel/framework/src/Illuminate/Pipeline/Pipeline.php(167): Illuminate\Foundation\Http\Middleware\TransformsRequest->handle(Object(Illuminate\Http\Request), Object(Closure))
#46 /Users/harish/Projects/Earning Designs/Aliens/LILA/lila-laravel/vendor/laravel/framework/src/Illuminate/Foundation/Http/Middleware/TransformsRequest.php(21): Illuminate\Pipeline\Pipeline->Illuminate\Pipeline\{closure}(Object(Illuminate\Http\Request))
#47 /Users/harish/Projects/Earning Designs/Aliens/LILA/lila-laravel/vendor/laravel/framework/src/Illuminate/Pipeline/Pipeline.php(167): Illuminate\Foundation\Http\Middleware\TransformsRequest->handle(Object(Illuminate\Http\Request), Object(Closure))
#48 /Users/harish/Projects/Earning Designs/Aliens/LILA/lila-laravel/vendor/laravel/framework/src/Illuminate/Foundation/Http/Middleware/ValidatePostSize.php(27): Illuminate\Pipeline\Pipeline->Illuminate\Pipeline\{closure}(Object(Illuminate\Http\Request))
#49 /Users/harish/Projects/Earning Designs/Aliens/LILA/lila-laravel/vendor/laravel/framework/src/Illuminate/Pipeline/Pipeline.php(167): Illuminate\Foundation\Http\Middleware\ValidatePostSize->handle(Object(Illuminate\Http\Request), Object(Closure))
#50 /Users/harish/Projects/Earning Designs/Aliens/LILA/lila-laravel/vendor/laravel/framework/src/Illuminate/Foundation/Http/Middleware/CheckForMaintenanceMode.php(63): Illuminate\Pipeline\Pipeline->Illuminate\Pipeline\{closure}(Object(Illuminate\Http\Request))
#51 /Users/harish/Projects/Earning Designs/Aliens/LILA/lila-laravel/vendor/laravel/framework/src/Illuminate/Pipeline/Pipeline.php(167): Illuminate\Foundation\Http\Middleware\CheckForMaintenanceMode->handle(Object(Illuminate\Http\Request), Object(Closure))
#52 /Users/harish/Projects/Earning Designs/Aliens/LILA/lila-laravel/vendor/laravel/framework/src/Illuminate/Pipeline/Pipeline.php(103): Illuminate\Pipeline\Pipeline->Illuminate\Pipeline\{closure}(Object(Illuminate\Http\Request))
#53 /Users/harish/Projects/Earning Designs/Aliens/LILA/lila-laravel/vendor/laravel/framework/src/Illuminate/Foundation/Http/Kernel.php(140): Illuminate\Pipeline\Pipeline->then(Object(Closure))
#54 /Users/harish/Projects/Earning Designs/Aliens/LILA/lila-laravel/vendor/laravel/framework/src/Illuminate/Foundation/Http/Kernel.php(109): Illuminate\Foundation\Http\Kernel->sendRequestThroughRouter(Object(Illuminate\Http\Request))
#55 /Users/harish/Projects/Earning Designs/Aliens/LILA/lila-laravel/public/index.php(55): Illuminate\Foundation\Http\Kernel->handle(Object(Illuminate\Http\Request))
#56 /Users/harish/Projects/Earning Designs/Aliens/LILA/lila-laravel/server.php(21): require_once('/Users/harish/P...')
#57 {main}
2020-09-29 14:50:37 INFO: Access Token has expired. Hence refreshing.
2020-09-29 14:58:31 SEVERE: Exception occured while getting OAuthTokens from DB(file::ZohoOAuthPersistenceHandler)(mysqli::__construct(): (HY000/1049): Unknown database 'zohooauth')
ErrorException: mysqli::__construct(): (HY000/1049): Unknown database 'zohooauth' in /Users/harish/Projects/Earning Designs/Aliens/LILA/lila-laravel/vendor/zohocrm/php-sdk/src/oauth/persistence/ZohoOAuthPersistenceHandler.php:86
Stack trace:
#0 [internal function]: Illuminate\Foundation\Bootstrap\HandleExceptions->handleError(2, 'mysqli::__const...', '/Users/harish/P...', 86, Array)
#1 /Users/harish/Projects/Earning Designs/Aliens/LILA/lila-laravel/vendor/zohocrm/php-sdk/src/oauth/persistence/ZohoOAuthPersistenceHandler.php(86): mysqli->__construct('localhost:3306', 'root', '', 'zohooauth')
#2 /Users/harish/Projects/Earning Designs/Aliens/LILA/lila-laravel/vendor/zohocrm/php-sdk/src/oauth/persistence/ZohoOAuthPersistenceHandler.php(40): zcrmsdk\oauth\persistence\ZohoOAuthPersistenceHandler->getMysqlConnection()
#3 /Users/harish/Projects/Earning Designs/Aliens/LILA/lila-laravel/vendor/zohocrm/php-sdk/src/oauth/ZohoOAuthClient.php(38): zcrmsdk\oauth\persistence\ZohoOAuthPersistenceHandler->getOAuthTokens('harish@earningd...')
#4 /Users/harish/Projects/Earning Designs/Aliens/LILA/lila-laravel/vendor/zohocrm/php-sdk/src/crm/utility/ZCRMConfigUtil.php(104): zcrmsdk\oauth\ZohoOAuthClient->getAccessToken('harish@earningd...')
#5 /Users/harish/Projects/Earning Designs/Aliens/LILA/lila-laravel/vendor/zohocrm/php-sdk/src/crm/api/APIRequest.php(88): zcrmsdk\crm\utility\ZCRMConfigUtil::getAccessToken()
#6 /Users/harish/Projects/Earning Designs/Aliens/LILA/lila-laravel/vendor/zohocrm/php-sdk/src/crm/api/APIRequest.php(138): zcrmsdk\crm\api\APIRequest->authenticateRequest()
#7 /Users/harish/Projects/Earning Designs/Aliens/LILA/lila-laravel/vendor/zohocrm/php-sdk/src/crm/api/handler/MassEntityAPIHandler.php(59): zcrmsdk\crm\api\APIRequest->getBulkAPIResponse()
#8 /Users/harish/Projects/Earning Designs/Aliens/LILA/lila-laravel/vendor/zohocrm/php-sdk/src/crm/crud/ZCRMModule.php(1170): zcrmsdk\crm\api\handler\MassEntityAPIHandler->createRecords(Array, NULL, NULL, NULL)
#9 /Users/harish/Projects/Earning Designs/Aliens/LILA/lila-laravel/app/Http/Controllers/ZohoController.php(65): zcrmsdk\crm\crud\ZCRMModule->createRecords(Array)
#10 [internal function]: App\Http\Controllers\ZohoController->createRecords()
#11 /Users/harish/Projects/Earning Designs/Aliens/LILA/lila-laravel/vendor/laravel/framework/src/Illuminate/Routing/Controller.php(54): call_user_func_array(Array, Array)
#12 /Users/harish/Projects/Earning Designs/Aliens/LILA/lila-laravel/vendor/laravel/framework/src/Illuminate/Routing/ControllerDispatcher.php(45): Illuminate\Routing\Controller->callAction('createRecords', Array)
#13 /Users/harish/Projects/Earning Designs/Aliens/LILA/lila-laravel/vendor/laravel/framework/src/Illuminate/Routing/Route.php(225): Illuminate\Routing\ControllerDispatcher->dispatch(Object(Illuminate\Routing\Route), Object(App\Http\Controllers\ZohoController), 'createRecords')
#14 /Users/harish/Projects/Earning Designs/Aliens/LILA/lila-laravel/vendor/laravel/framework/src/Illuminate/Routing/Route.php(182): Illuminate\Routing\Route->runController()
#15 /Users/harish/Projects/Earning Designs/Aliens/LILA/lila-laravel/vendor/laravel/framework/src/Illuminate/Routing/Router.php(681): Illuminate\Routing\Route->run()
#16 /Users/harish/Projects/Earning Designs/Aliens/LILA/lila-laravel/vendor/laravel/framework/src/Illuminate/Pipeline/Pipeline.php(128): Illuminate\Routing\Router->Illuminate\Routing\{closure}(Object(Illuminate\Http\Request))
#17 /Users/harish/Projects/Earning Designs/Aliens/LILA/lila-laravel/vendor/laravel/framework/src/Illuminate/Routing/Middleware/SubstituteBindings.php(41): Illuminate\Pipeline\Pipeline->Illuminate\Pipeline\{closure}(Object(Illuminate\Http\Request))
#18 /Users/harish/Projects/Earning Designs/Aliens/LILA/lila-laravel/vendor/laravel/framework/src/Illuminate/Pipeline/Pipeline.php(167): Illuminate\Routing\Middleware\SubstituteBindings->handle(Object(Illuminate\Http\Request), Object(Closure))
#19 /Users/harish/Projects/Earning Designs/Aliens/LILA/lila-laravel/vendor/laravel/framework/src/Illuminate/Foundation/Http/Middleware/VerifyCsrfToken.php(76): Illuminate\Pipeline\Pipeline->Illuminate\Pipeline\{closure}(Object(Illuminate\Http\Request))
#20 /Users/harish/Projects/Earning Designs/Aliens/LILA/lila-laravel/vendor/laravel/framework/src/Illuminate/Pipeline/Pipeline.php(167): Illuminate\Foundation\Http\Middleware\VerifyCsrfToken->handle(Object(Illuminate\Http\Request), Object(Closure))
#21 /Users/harish/Projects/Earning Designs/Aliens/LILA/lila-laravel/vendor/laravel/framework/src/Illuminate/Session/Middleware/AuthenticateSession.php(58): Illuminate\Pipeline\Pipeline->Illuminate\Pipeline\{closure}(Object(Illuminate\Http\Request))
#22 /Users/harish/Projects/Earning Designs/Aliens/LILA/lila-laravel/vendor/laravel/framework/src/Illuminate/Pipeline/Pipeline.php(167): Illuminate\Session\Middleware\AuthenticateSession->handle(Object(Illuminate\Http\Request), Object(Closure))
#23 /Users/harish/Projects/Earning Designs/Aliens/LILA/lila-laravel/vendor/laravel/framework/src/Illuminate/View/Middleware/ShareErrorsFromSession.php(49): Illuminate\Pipeline\Pipeline->Illuminate\Pipeline\{closure}(Object(Illuminate\Http\Request))
#24 /Users/harish/Projects/Earning Designs/Aliens/LILA/lila-laravel/vendor/laravel/framework/src/Illuminate/Pipeline/Pipeline.php(167): Illuminate\View\Middleware\ShareErrorsFromSession->handle(Object(Illuminate\Http\Request), Object(Closure))
#25 /Users/harish/Projects/Earning Designs/Aliens/LILA/lila-laravel/vendor/laravel/framework/src/Illuminate/Session/Middleware/StartSession.php(56): Illuminate\Pipeline\Pipeline->Illuminate\Pipeline\{closure}(Object(Illuminate\Http\Request))
#26 /Users/harish/Projects/Earning Designs/Aliens/LILA/lila-laravel/vendor/laravel/framework/src/Illuminate/Pipeline/Pipeline.php(167): Illuminate\Session\Middleware\StartSession->handle(Object(Illuminate\Http\Request), Object(Closure))
#27 /Users/harish/Projects/Earning Designs/Aliens/LILA/lila-laravel/vendor/laravel/framework/src/Illuminate/Cookie/Middleware/AddQueuedCookiesToResponse.php(37): Illuminate\Pipeline\Pipeline->Illuminate\Pipeline\{closure}(Object(Illuminate\Http\Request))
#28 /Users/harish/Projects/Earning Designs/Aliens/LILA/lila-laravel/vendor/laravel/framework/src/Illuminate/Pipeline/Pipeline.php(167): Illuminate\Cookie\Middleware\AddQueuedCookiesToResponse->handle(Object(Illuminate\Http\Request), Object(Closure))
#29 /Users/harish/Projects/Earning Designs/Aliens/LILA/lila-laravel/vendor/laravel/framework/src/Illuminate/Cookie/Middleware/EncryptCookies.php(66): Illuminate\Pipeline\Pipeline->Illuminate\Pipeline\{closure}(Object(Illuminate\Http\Request))
#30 /Users/harish/Projects/Earning Designs/Aliens/LILA/lila-laravel/vendor/laravel/framework/src/Illuminate/Pipeline/Pipeline.php(167): Illuminate\Cookie\Middleware\EncryptCookies->handle(Object(Illuminate\Http\Request), Object(Closure))
#31 /Users/harish/Projects/Earning Designs/Aliens/LILA/lila-laravel/vendor/laravel/framework/src/Illuminate/Pipeline/Pipeline.php(103): Illuminate\Pipeline\Pipeline->Illuminate\Pipeline\{closure}(Object(Illuminate\Http\Request))
#32 /Users/harish/Projects/Earning Designs/Aliens/LILA/lila-laravel/vendor/laravel/framework/src/Illuminate/Routing/Router.php(683): Illuminate\Pipeline\Pipeline->then(Object(Closure))
#33 /Users/harish/Projects/Earning Designs/Aliens/LILA/lila-laravel/vendor/laravel/framework/src/Illuminate/Routing/Router.php(658): Illuminate\Routing\Router->runRouteWithinStack(Object(Illuminate\Routing\Route), Object(Illuminate\Http\Request))
#34 /Users/harish/Projects/Earning Designs/Aliens/LILA/lila-laravel/vendor/laravel/framework/src/Illuminate/Routing/Router.php(624): Illuminate\Routing\Router->runRoute(Object(Illuminate\Http\Request), Object(Illuminate\Routing\Route))
#35 /Users/harish/Projects/Earning Designs/Aliens/LILA/lila-laravel/vendor/laravel/framework/src/Illuminate/Routing/Router.php(613): Illuminate\Routing\Router->dispatchToRoute(Object(Illuminate\Http\Request))
#36 /Users/harish/Projects/Earning Designs/Aliens/LILA/lila-laravel/vendor/laravel/framework/src/Illuminate/Foundation/Http/Kernel.php(165): Illuminate\Routing\Router->dispatch(Object(Illuminate\Http\Request))
#37 /Users/harish/Projects/Earning Designs/Aliens/LILA/lila-laravel/vendor/laravel/framework/src/Illuminate/Pipeline/Pipeline.php(128): Illuminate\Foundation\Http\Kernel->Illuminate\Foundation\Http\{closure}(Object(Illuminate\Http\Request))
#38 /Users/harish/Projects/Earning Designs/Aliens/LILA/lila-laravel/vendor/spatie/laravel-cookie-consent/src/CookieConsentMiddleware.php(12): Illuminate\Pipeline\Pipeline->Illuminate\Pipeline\{closure}(Object(Illuminate\Http\Request))
#39 /Users/harish/Projects/Earning Designs/Aliens/LILA/lila-laravel/vendor/laravel/framework/src/Illuminate/Pipeline/Pipeline.php(167): Spatie\CookieConsent\CookieConsentMiddleware->handle(Object(Illuminate\Http\Request), Object(Closure))
#40 /Users/harish/Projects/Earning Designs/Aliens/LILA/lila-laravel/vendor/fruitcake/laravel-cors/src/HandleCors.php(37): Illuminate\Pipeline\Pipeline->Illuminate\Pipeline\{closure}(Object(Illuminate\Http\Request))
#41 /Users/harish/Projects/Earning Designs/Aliens/LILA/lila-laravel/vendor/laravel/framework/src/Illuminate/Pipeline/Pipeline.php(167): Fruitcake\Cors\HandleCors->handle(Object(Illuminate\Http\Request), Object(Closure))
#42 /Users/harish/Projects/Earning Designs/Aliens/LILA/lila-laravel/vendor/fideloper/proxy/src/TrustProxies.php(57): Illuminate\Pipeline\Pipeline->Illuminate\Pipeline\{closure}(Object(Illuminate\Http\Request))
#43 /Users/harish/Projects/Earning Designs/Aliens/LILA/lila-laravel/vendor/laravel/framework/src/Illuminate/Pipeline/Pipeline.php(167): Fideloper\Proxy\TrustProxies->handle(Object(Illuminate\Http\Request), Object(Closure))
#44 /Users/harish/Projects/Earning Designs/Aliens/LILA/lila-laravel/vendor/laravel/framework/src/Illuminate/Foundation/Http/Middleware/TransformsRequest.php(21): Illuminate\Pipeline\Pipeline->Illuminate\Pipeline\{closure}(Object(Illuminate\Http\Request))
#45 /Users/harish/Projects/Earning Designs/Aliens/LILA/lila-laravel/vendor/laravel/framework/src/Illuminate/Pipeline/Pipeline.php(167): Illuminate\Foundation\Http\Middleware\TransformsRequest->handle(Object(Illuminate\Http\Request), Object(Closure))
#46 /Users/harish/Projects/Earning Designs/Aliens/LILA/lila-laravel/vendor/laravel/framework/src/Illuminate/Foundation/Http/Middleware/TransformsRequest.php(21): Illuminate\Pipeline\Pipeline->Illuminate\Pipeline\{closure}(Object(Illuminate\Http\Request))
#47 /Users/harish/Projects/Earning Designs/Aliens/LILA/lila-laravel/vendor/laravel/framework/src/Illuminate/Pipeline/Pipeline.php(167): Illuminate\Foundation\Http\Middleware\TransformsRequest->handle(Object(Illuminate\Http\Request), Object(Closure))
#48 /Users/harish/Projects/Earning Designs/Aliens/LILA/lila-laravel/vendor/laravel/framework/src/Illuminate/Foundation/Http/Middleware/ValidatePostSize.php(27): Illuminate\Pipeline\Pipeline->Illuminate\Pipeline\{closure}(Object(Illuminate\Http\Request))
#49 /Users/harish/Projects/Earning Designs/Aliens/LILA/lila-laravel/vendor/laravel/framework/src/Illuminate/Pipeline/Pipeline.php(167): Illuminate\Foundation\Http\Middleware\ValidatePostSize->handle(Object(Illuminate\Http\Request), Object(Closure))
#50 /Users/harish/Projects/Earning Designs/Aliens/LILA/lila-laravel/vendor/laravel/framework/src/Illuminate/Foundation/Http/Middleware/CheckForMaintenanceMode.php(63): Illuminate\Pipeline\Pipeline->Illuminate\Pipeline\{closure}(Object(Illuminate\Http\Request))
#51 /Users/harish/Projects/Earning Designs/Aliens/LILA/lila-laravel/vendor/laravel/framework/src/Illuminate/Pipeline/Pipeline.php(167): Illuminate\Foundation\Http\Middleware\CheckForMaintenanceMode->handle(Object(Illuminate\Http\Request), Object(Closure))
#52 /Users/harish/Projects/Earning Designs/Aliens/LILA/lila-laravel/vendor/laravel/framework/src/Illuminate/Pipeline/Pipeline.php(103): Illuminate\Pipeline\Pipeline->Illuminate\Pipeline\{closure}(Object(Illuminate\Http\Request))
#53 /Users/harish/Projects/Earning Designs/Aliens/LILA/lila-laravel/vendor/laravel/framework/src/Illuminate/Foundation/Http/Kernel.php(140): Illuminate\Pipeline\Pipeline->then(Object(Closure))
#54 /Users/harish/Projects/Earning Designs/Aliens/LILA/lila-laravel/vendor/laravel/framework/src/Illuminate/Foundation/Http/Kernel.php(109): Illuminate\Foundation\Http\Kernel->sendRequestThroughRouter(Object(Illuminate\Http\Request))
#55 /Users/harish/Projects/Earning Designs/Aliens/LILA/lila-laravel/public/index.php(55): Illuminate\Foundation\Http\Kernel->handle(Object(Illuminate\Http\Request))
#56 /Users/harish/Projects/Earning Designs/Aliens/LILA/lila-laravel/server.php(21): require_once('/Users/harish/P...')
#57 {main}
2020-09-29 14:58:31 INFO: Access Token has expired. Hence refreshing.
2020-09-29 15:11:35 SEVERE: Exception while retrieving tokens from persistence - zcrmsdk\oauth\exception\ZohoOAuthException Caused by:'No Tokens exist for the given user-identifier,Please generate and try again.' in /Users/harish/Projects/Earning Designs/Aliens/LILA/lila-laravel/vendor/zohocrm/php-sdk/src/oauth/persistence/ZohoOAuthPersistenceByFile.php(44)
#0 /Users/harish/Projects/Earning Designs/Aliens/LILA/lila-laravel/vendor/zohocrm/php-sdk/src/oauth/ZohoOAuthClient.php(38): zcrmsdk\oauth\persistence\ZohoOAuthPersistenceByFile->getOAuthTokens('harish@earningd...')
#1 /Users/harish/Projects/Earning Designs/Aliens/LILA/lila-laravel/vendor/zohocrm/php-sdk/src/crm/utility/ZCRMConfigUtil.php(104): zcrmsdk\oauth\ZohoOAuthClient->getAccessToken('harish@earningd...')
#2 /Users/harish/Projects/Earning Designs/Aliens/LILA/lila-laravel/vendor/zohocrm/php-sdk/src/crm/api/APIRequest.php(88): zcrmsdk\crm\utility\ZCRMConfigUtil::getAccessToken()
#3 /Users/harish/Projects/Earning Designs/Aliens/LILA/lila-laravel/vendor/zohocrm/php-sdk/src/crm/api/APIRequest.php(138): zcrmsdk\crm\api\APIRequest->authenticateRequest()
#4 /Users/harish/Projects/Earning Designs/Aliens/LILA/lila-laravel/vendor/zohocrm/php-sdk/src/crm/api/handler/MassEntityAPIHandler.php(59): zcrmsdk\crm\api\APIRequest->getBulkAPIResponse()
#5 /Users/harish/Projects/Earning Designs/Aliens/LILA/lila-laravel/vendor/zohocrm/php-sdk/src/crm/crud/ZCRMModule.php(1170): zcrmsdk\crm\api\handler\MassEntityAPIHandler->createRecords(Array, NULL, NULL, NULL)
#6 /Users/harish/Projects/Earning Designs/Aliens/LILA/lila-laravel/app/Http/Controllers/ZohoController.php(65): zcrmsdk\crm\crud\ZCRMModule->createRecords(Array)
#7 [internal function]: App\Http\Controllers\ZohoController->createRecords()
#8 /Users/harish/Projects/Earning Designs/Aliens/LILA/lila-laravel/vendor/laravel/framework/src/Illuminate/Routing/Controller.php(54): call_user_func_array(Array, Array)
#9 /Users/harish/Projects/Earning Designs/Aliens/LILA/lila-laravel/vendor/laravel/framework/src/Illuminate/Routing/ControllerDispatcher.php(45): Illuminate\Routing\Controller->callAction('createRecords', Array)
#10 /Users/harish/Projects/Earning Designs/Aliens/LILA/lila-laravel/vendor/laravel/framework/src/Illuminate/Routing/Route.php(225): Illuminate\Routing\ControllerDispatcher->dispatch(Object(Illuminate\Routing\Route), Object(App\Http\Controllers\ZohoController), 'createRecords')
#11 /Users/harish/Projects/Earning Designs/Aliens/LILA/lila-laravel/vendor/laravel/framework/src/Illuminate/Routing/Route.php(182): Illuminate\Routing\Route->runController()
#12 /Users/harish/Projects/Earning Designs/Aliens/LILA/lila-laravel/vendor/laravel/framework/src/Illuminate/Routing/Router.php(681): Illuminate\Routing\Route->run()
#13 /Users/harish/Projects/Earning Designs/Aliens/LILA/lila-laravel/vendor/laravel/framework/src/Illuminate/Pipeline/Pipeline.php(128): Illuminate\Routing\Router->Illuminate\Routing\{closure}(Object(Illuminate\Http\Request))
#14 /Users/harish/Projects/Earning Designs/Aliens/LILA/lila-laravel/vendor/laravel/framework/src/Illuminate/Routing/Middleware/SubstituteBindings.php(41): Illuminate\Pipeline\Pipeline->Illuminate\Pipeline\{closure}(Object(Illuminate\Http\Request))
#15 /Users/harish/Projects/Earning Designs/Aliens/LILA/lila-laravel/vendor/laravel/framework/src/Illuminate/Pipeline/Pipeline.php(167): Illuminate\Routing\Middleware\SubstituteBindings->handle(Object(Illuminate\Http\Request), Object(Closure))
#16 /Users/harish/Projects/Earning Designs/Aliens/LILA/lila-laravel/vendor/laravel/framework/src/Illuminate/Foundation/Http/Middleware/VerifyCsrfToken.php(76): Illuminate\Pipeline\Pipeline->Illuminate\Pipeline\{closure}(Object(Illuminate\Http\Request))
#17 /Users/harish/Projects/Earning Designs/Aliens/LILA/lila-laravel/vendor/laravel/framework/src/Illuminate/Pipeline/Pipeline.php(167): Illuminate\Foundation\Http\Middleware\VerifyCsrfToken->handle(Object(Illuminate\Http\Request), Object(Closure))
#18 /Users/harish/Projects/Earning Designs/Aliens/LILA/lila-laravel/vendor/laravel/framework/src/Illuminate/Session/Middleware/AuthenticateSession.php(58): Illuminate\Pipeline\Pipeline->Illuminate\Pipeline\{closure}(Object(Illuminate\Http\Request))
#19 /Users/harish/Projects/Earning Designs/Aliens/LILA/lila-laravel/vendor/laravel/framework/src/Illuminate/Pipeline/Pipeline.php(167): Illuminate\Session\Middleware\AuthenticateSession->handle(Object(Illuminate\Http\Request), Object(Closure))
#20 /Users/harish/Projects/Earning Designs/Aliens/LILA/lila-laravel/vendor/laravel/framework/src/Illuminate/View/Middleware/ShareErrorsFromSession.php(49): Illuminate\Pipeline\Pipeline->Illuminate\Pipeline\{closure}(Object(Illuminate\Http\Request))
#21 /Users/harish/Projects/Earning Designs/Aliens/LILA/lila-laravel/vendor/laravel/framework/src/Illuminate/Pipeline/Pipeline.php(167): Illuminate\View\Middleware\ShareErrorsFromSession->handle(Object(Illuminate\Http\Request), Object(Closure))
#22 /Users/harish/Projects/Earning Designs/Aliens/LILA/lila-laravel/vendor/laravel/framework/src/Illuminate/Session/Middleware/StartSession.php(56): Illuminate\Pipeline\Pipeline->Illuminate\Pipeline\{closure}(Object(Illuminate\Http\Request))
#23 /Users/harish/Projects/Earning Designs/Aliens/LILA/lila-laravel/vendor/laravel/framework/src/Illuminate/Pipeline/Pipeline.php(167): Illuminate\Session\Middleware\StartSession->handle(Object(Illuminate\Http\Request), Object(Closure))
#24 /Users/harish/Projects/Earning Designs/Aliens/LILA/lila-laravel/vendor/laravel/framework/src/Illuminate/Cookie/Middleware/AddQueuedCookiesToResponse.php(37): Illuminate\Pipeline\Pipeline->Illuminate\Pipeline\{closure}(Object(Illuminate\Http\Request))
#25 /Users/harish/Projects/Earning Designs/Aliens/LILA/lila-laravel/vendor/laravel/framework/src/Illuminate/Pipeline/Pipeline.php(167): Illuminate\Cookie\Middleware\AddQueuedCookiesToResponse->handle(Object(Illuminate\Http\Request), Object(Closure))
#26 /Users/harish/Projects/Earning Designs/Aliens/LILA/lila-laravel/vendor/laravel/framework/src/Illuminate/Cookie/Middleware/EncryptCookies.php(66): Illuminate\Pipeline\Pipeline->Illuminate\Pipeline\{closure}(Object(Illuminate\Http\Request))
#27 /Users/harish/Projects/Earning Designs/Aliens/LILA/lila-laravel/vendor/laravel/framework/src/Illuminate/Pipeline/Pipeline.php(167): Illuminate\Cookie\Middleware\EncryptCookies->handle(Object(Illuminate\Http\Request), Object(Closure))
#28 /Users/harish/Projects/Earning Designs/Aliens/LILA/lila-laravel/vendor/laravel/framework/src/Illuminate/Pipeline/Pipeline.php(103): Illuminate\Pipeline\Pipeline->Illuminate\Pipeline\{closure}(Object(Illuminate\Http\Request))
#29 /Users/harish/Projects/Earning Designs/Aliens/LILA/lila-laravel/vendor/laravel/framework/src/Illuminate/Routing/Router.php(683): Illuminate\Pipeline\Pipeline->then(Object(Closure))
#30 /Users/harish/Projects/Earning Designs/Aliens/LILA/lila-laravel/vendor/laravel/framework/src/Illuminate/Routing/Router.php(658): Illuminate\Routing\Router->runRouteWithinStack(Object(Illuminate\Routing\Route), Object(Illuminate\Http\Request))
#31 /Users/harish/Projects/Earning Designs/Aliens/LILA/lila-laravel/vendor/laravel/framework/src/Illuminate/Routing/Router.php(624): Illuminate\Routing\Router->runRoute(Object(Illuminate\Http\Request), Object(Illuminate\Routing\Route))
#32 /Users/harish/Projects/Earning Designs/Aliens/LILA/lila-laravel/vendor/laravel/framework/src/Illuminate/Routing/Router.php(613): Illuminate\Routing\Router->dispatchToRoute(Object(Illuminate\Http\Request))
#33 /Users/harish/Projects/Earning Designs/Aliens/LILA/lila-laravel/vendor/laravel/framework/src/Illuminate/Foundation/Http/Kernel.php(165): Illuminate\Routing\Router->dispatch(Object(Illuminate\Http\Request))
#34 /Users/harish/Projects/Earning Designs/Aliens/LILA/lila-laravel/vendor/laravel/framework/src/Illuminate/Pipeline/Pipeline.php(128): Illuminate\Foundation\Http\Kernel->Illuminate\Foundation\Http\{closure}(Object(Illuminate\Http\Request))
#35 /Users/harish/Projects/Earning Designs/Aliens/LILA/lila-laravel/vendor/spatie/laravel-cookie-consent/src/CookieConsentMiddleware.php(12): Illuminate\Pipeline\Pipeline->Illuminate\Pipeline\{closure}(Object(Illuminate\Http\Request))
#36 /Users/harish/Projects/Earning Designs/Aliens/LILA/lila-laravel/vendor/laravel/framework/src/Illuminate/Pipeline/Pipeline.php(167): Spatie\CookieConsent\CookieConsentMiddleware->handle(Object(Illuminate\Http\Request), Object(Closure))
#37 /Users/harish/Projects/Earning Designs/Aliens/LILA/lila-laravel/vendor/fruitcake/laravel-cors/src/HandleCors.php(37): Illuminate\Pipeline\Pipeline->Illuminate\Pipeline\{closure}(Object(Illuminate\Http\Request))
#38 /Users/harish/Projects/Earning Designs/Aliens/LILA/lila-laravel/vendor/laravel/framework/src/Illuminate/Pipeline/Pipeline.php(167): Fruitcake\Cors\HandleCors->handle(Object(Illuminate\Http\Request), Object(Closure))
#39 /Users/harish/Projects/Earning Designs/Aliens/LILA/lila-laravel/vendor/fideloper/proxy/src/TrustProxies.php(57): Illuminate\Pipeline\Pipeline->Illuminate\Pipeline\{closure}(Object(Illuminate\Http\Request))
#40 /Users/harish/Projects/Earning Designs/Aliens/LILA/lila-laravel/vendor/laravel/framework/src/Illuminate/Pipeline/Pipeline.php(167): Fideloper\Proxy\TrustProxies->handle(Object(Illuminate\Http\Request), Object(Closure))
#41 /Users/harish/Projects/Earning Designs/Aliens/LILA/lila-laravel/vendor/laravel/framework/src/Illuminate/Foundation/Http/Middleware/TransformsRequest.php(21): Illuminate\Pipeline\Pipeline->Illuminate\Pipeline\{closure}(Object(Illuminate\Http\Request))
#42 /Users/harish/Projects/Earning Designs/Aliens/LILA/lila-laravel/vendor/laravel/framework/src/Illuminate/Pipeline/Pipeline.php(167): Illuminate\Foundation\Http\Middleware\TransformsRequest->handle(Object(Illuminate\Http\Request), Object(Closure))
#43 /Users/harish/Projects/Earning Designs/Aliens/LILA/lila-laravel/vendor/laravel/framework/src/Illuminate/Foundation/Http/Middleware/TransformsRequest.php(21): Illuminate\Pipeline\Pipeline->Illuminate\Pipeline\{closure}(Object(Illuminate\Http\Request))
#44 /Users/harish/Projects/Earning Designs/Aliens/LILA/lila-laravel/vendor/laravel/framework/src/Illuminate/Pipeline/Pipeline.php(167): Illuminate\Foundation\Http\Middleware\TransformsRequest->handle(Object(Illuminate\Http\Request), Object(Closure))
#45 /Users/harish/Projects/Earning Designs/Aliens/LILA/lila-laravel/vendor/laravel/framework/src/Illuminate/Foundation/Http/Middleware/ValidatePostSize.php(27): Illuminate\Pipeline\Pipeline->Illuminate\Pipeline\{closure}(Object(Illuminate\Http\Request))
#46 /Users/harish/Projects/Earning Designs/Aliens/LILA/lila-laravel/vendor/laravel/framework/src/Illuminate/Pipeline/Pipeline.php(167): Illuminate\Foundation\Http\Middleware\ValidatePostSize->handle(Object(Illuminate\Http\Request), Object(Closure))
#47 /Users/harish/Projects/Earning Designs/Aliens/LILA/lila-laravel/vendor/laravel/framework/src/Illuminate/Foundation/Http/Middleware/CheckForMaintenanceMode.php(63): Illuminate\Pipeline\Pipeline->Illuminate\Pipeline\{closure}(Object(Illuminate\Http\Request))
#48 /Users/harish/Projects/Earning Designs/Aliens/LILA/lila-laravel/vendor/laravel/framework/src/Illuminate/Pipeline/Pipeline.php(167): Illuminate\Foundation\Http\Middleware\CheckForMaintenanceMode->handle(Object(Illuminate\Http\Request), Object(Closure))
#49 /Users/harish/Projects/Earning Designs/Aliens/LILA/lila-laravel/vendor/laravel/framework/src/Illuminate/Pipeline/Pipeline.php(103): Illuminate\Pipeline\Pipeline->Illuminate\Pipeline\{closure}(Object(Illuminate\Http\Request))
#50 /Users/harish/Projects/Earning Designs/Aliens/LILA/lila-laravel/vendor/laravel/framework/src/Illuminate/Foundation/Http/Kernel.php(140): Illuminate\Pipeline\Pipeline->then(Object(Closure))
#51 /Users/harish/Projects/Earning Designs/Aliens/LILA/lila-laravel/vendor/laravel/framework/src/Illuminate/Foundation/Http/Kernel.php(109): Illuminate\Foundation\Http\Kernel->sendRequestThroughRouter(Object(Illuminate\Http\Request))
#52 /Users/harish/Projects/Earning Designs/Aliens/LILA/lila-laravel/public/index.php(55): Illuminate\Foundation\Http\Kernel->handle(Object(Illuminate\Http\Request))
#53 /Users/harish/Projects/Earning Designs/Aliens/LILA/lila-laravel/server.php(21): require_once('/Users/harish/P...')
#54 {main}
2020-09-29 15:26:48 SEVERE: Exception while retrieving tokens from persistence - zcrmsdk\oauth\exception\ZohoOAuthException Caused by:'No Tokens exist for the given user-identifier,Please generate and try again.' in /Users/harish/Projects/Earning Designs/Aliens/LILA/lila-laravel/vendor/zohocrm/php-sdk/src/oauth/persistence/ZohoOAuthPersistenceByFile.php(44)
#0 /Users/harish/Projects/Earning Designs/Aliens/LILA/lila-laravel/vendor/zohocrm/php-sdk/src/oauth/ZohoOAuthClient.php(38): zcrmsdk\oauth\persistence\ZohoOAuthPersistenceByFile->getOAuthTokens('akash@alienstat...')
#1 /Users/harish/Projects/Earning Designs/Aliens/LILA/lila-laravel/vendor/zohocrm/php-sdk/src/crm/utility/ZCRMConfigUtil.php(104): zcrmsdk\oauth\ZohoOAuthClient->getAccessToken('akash@alienstat...')
#2 /Users/harish/Projects/Earning Designs/Aliens/LILA/lila-laravel/vendor/zohocrm/php-sdk/src/crm/api/APIRequest.php(88): zcrmsdk\crm\utility\ZCRMConfigUtil::getAccessToken()
#3 /Users/harish/Projects/Earning Designs/Aliens/LILA/lila-laravel/vendor/zohocrm/php-sdk/src/crm/api/APIRequest.php(138): zcrmsdk\crm\api\APIRequest->authenticateRequest()
#4 /Users/harish/Projects/Earning Designs/Aliens/LILA/lila-laravel/vendor/zohocrm/php-sdk/src/crm/api/handler/MassEntityAPIHandler.php(59): zcrmsdk\crm\api\APIRequest->getBulkAPIResponse()
#5 /Users/harish/Projects/Earning Designs/Aliens/LILA/lila-laravel/vendor/zohocrm/php-sdk/src/crm/crud/ZCRMModule.php(1170): zcrmsdk\crm\api\handler\MassEntityAPIHandler->createRecords(Array, NULL, NULL, NULL)
#6 /Users/harish/Projects/Earning Designs/Aliens/LILA/lila-laravel/app/Http/Controllers/ZohoController.php(69): zcrmsdk\crm\crud\ZCRMModule->createRecords(Array)
#7 [internal function]: App\Http\Controllers\ZohoController->createRecords()
#8 /Users/harish/Projects/Earning Designs/Aliens/LILA/lila-laravel/vendor/laravel/framework/src/Illuminate/Routing/Controller.php(54): call_user_func_array(Array, Array)
#9 /Users/harish/Projects/Earning Designs/Aliens/LILA/lila-laravel/vendor/laravel/framework/src/Illuminate/Routing/ControllerDispatcher.php(45): Illuminate\Routing\Controller->callAction('createRecords', Array)
#10 /Users/harish/Projects/Earning Designs/Aliens/LILA/lila-laravel/vendor/laravel/framework/src/Illuminate/Routing/Route.php(225): Illuminate\Routing\ControllerDispatcher->dispatch(Object(Illuminate\Routing\Route), Object(App\Http\Controllers\ZohoController), 'createRecords')
#11 /Users/harish/Projects/Earning Designs/Aliens/LILA/lila-laravel/vendor/laravel/framework/src/Illuminate/Routing/Route.php(182): Illuminate\Routing\Route->runController()
#12 /Users/harish/Projects/Earning Designs/Aliens/LILA/lila-laravel/vendor/laravel/framework/src/Illuminate/Routing/Router.php(681): Illuminate\Routing\Route->run()
#13 /Users/harish/Projects/Earning Designs/Aliens/LILA/lila-laravel/vendor/laravel/framework/src/Illuminate/Pipeline/Pipeline.php(128): Illuminate\Routing\Router->Illuminate\Routing\{closure}(Object(Illuminate\Http\Request))
#14 /Users/harish/Projects/Earning Designs/Aliens/LILA/lila-laravel/vendor/laravel/framework/src/Illuminate/Routing/Middleware/SubstituteBindings.php(41): Illuminate\Pipeline\Pipeline->Illuminate\Pipeline\{closure}(Object(Illuminate\Http\Request))
#15 /Users/harish/Projects/Earning Designs/Aliens/LILA/lila-laravel/vendor/laravel/framework/src/Illuminate/Pipeline/Pipeline.php(167): Illuminate\Routing\Middleware\SubstituteBindings->handle(Object(Illuminate\Http\Request), Object(Closure))
#16 /Users/harish/Projects/Earning Designs/Aliens/LILA/lila-laravel/vendor/laravel/framework/src/Illuminate/Foundation/Http/Middleware/VerifyCsrfToken.php(76): Illuminate\Pipeline\Pipeline->Illuminate\Pipeline\{closure}(Object(Illuminate\Http\Request))
#17 /Users/harish/Projects/Earning Designs/Aliens/LILA/lila-laravel/vendor/laravel/framework/src/Illuminate/Pipeline/Pipeline.php(167): Illuminate\Foundation\Http\Middleware\VerifyCsrfToken->handle(Object(Illuminate\Http\Request), Object(Closure))
#18 /Users/harish/Projects/Earning Designs/Aliens/LILA/lila-laravel/vendor/laravel/framework/src/Illuminate/Session/Middleware/AuthenticateSession.php(58): Illuminate\Pipeline\Pipeline->Illuminate\Pipeline\{closure}(Object(Illuminate\Http\Request))
#19 /Users/harish/Projects/Earning Designs/Aliens/LILA/lila-laravel/vendor/laravel/framework/src/Illuminate/Pipeline/Pipeline.php(167): Illuminate\Session\Middleware\AuthenticateSession->handle(Object(Illuminate\Http\Request), Object(Closure))
#20 /Users/harish/Projects/Earning Designs/Aliens/LILA/lila-laravel/vendor/laravel/framework/src/Illuminate/View/Middleware/ShareErrorsFromSession.php(49): Illuminate\Pipeline\Pipeline->Illuminate\Pipeline\{closure}(Object(Illuminate\Http\Request))
#21 /Users/harish/Projects/Earning Designs/Aliens/LILA/lila-laravel/vendor/laravel/framework/src/Illuminate/Pipeline/Pipeline.php(167): Illuminate\View\Middleware\ShareErrorsFromSession->handle(Object(Illuminate\Http\Request), Object(Closure))
#22 /Users/harish/Projects/Earning Designs/Aliens/LILA/lila-laravel/vendor/laravel/framework/src/Illuminate/Session/Middleware/StartSession.php(56): Illuminate\Pipeline\Pipeline->Illuminate\Pipeline\{closure}(Object(Illuminate\Http\Request))
#23 /Users/harish/Projects/Earning Designs/Aliens/LILA/lila-laravel/vendor/laravel/framework/src/Illuminate/Pipeline/Pipeline.php(167): Illuminate\Session\Middleware\StartSession->handle(Object(Illuminate\Http\Request), Object(Closure))
#24 /Users/harish/Projects/Earning Designs/Aliens/LILA/lila-laravel/vendor/laravel/framework/src/Illuminate/Cookie/Middleware/AddQueuedCookiesToResponse.php(37): Illuminate\Pipeline\Pipeline->Illuminate\Pipeline\{closure}(Object(Illuminate\Http\Request))
#25 /Users/harish/Projects/Earning Designs/Aliens/LILA/lila-laravel/vendor/laravel/framework/src/Illuminate/Pipeline/Pipeline.php(167): Illuminate\Cookie\Middleware\AddQueuedCookiesToResponse->handle(Object(Illuminate\Http\Request), Object(Closure))
#26 /Users/harish/Projects/Earning Designs/Aliens/LILA/lila-laravel/vendor/laravel/framework/src/Illuminate/Cookie/Middleware/EncryptCookies.php(66): Illuminate\Pipeline\Pipeline->Illuminate\Pipeline\{closure}(Object(Illuminate\Http\Request))
#27 /Users/harish/Projects/Earning Designs/Aliens/LILA/lila-laravel/vendor/laravel/framework/src/Illuminate/Pipeline/Pipeline.php(167): Illuminate\Cookie\Middleware\EncryptCookies->handle(Object(Illuminate\Http\Request), Object(Closure))
#28 /Users/harish/Projects/Earning Designs/Aliens/LILA/lila-laravel/vendor/laravel/framework/src/Illuminate/Pipeline/Pipeline.php(103): Illuminate\Pipeline\Pipeline->Illuminate\Pipeline\{closure}(Object(Illuminate\Http\Request))
#29 /Users/harish/Projects/Earning Designs/Aliens/LILA/lila-laravel/vendor/laravel/framework/src/Illuminate/Routing/Router.php(683): Illuminate\Pipeline\Pipeline->then(Object(Closure))
#30 /Users/harish/Projects/Earning Designs/Aliens/LILA/lila-laravel/vendor/laravel/framework/src/Illuminate/Routing/Router.php(658): Illuminate\Routing\Router->runRouteWithinStack(Object(Illuminate\Routing\Route), Object(Illuminate\Http\Request))
#31 /Users/harish/Projects/Earning Designs/Aliens/LILA/lila-laravel/vendor/laravel/framework/src/Illuminate/Routing/Router.php(624): Illuminate\Routing\Router->runRoute(Object(Illuminate\Http\Request), Object(Illuminate\Routing\Route))
#32 /Users/harish/Projects/Earning Designs/Aliens/LILA/lila-laravel/vendor/laravel/framework/src/Illuminate/Routing/Router.php(613): Illuminate\Routing\Router->dispatchToRoute(Object(Illuminate\Http\Request))
#33 /Users/harish/Projects/Earning Designs/Aliens/LILA/lila-laravel/vendor/laravel/framework/src/Illuminate/Foundation/Http/Kernel.php(165): Illuminate\Routing\Router->dispatch(Object(Illuminate\Http\Request))
#34 /Users/harish/Projects/Earning Designs/Aliens/LILA/lila-laravel/vendor/laravel/framework/src/Illuminate/Pipeline/Pipeline.php(128): Illuminate\Foundation\Http\Kernel->Illuminate\Foundation\Http\{closure}(Object(Illuminate\Http\Request))
#35 /Users/harish/Projects/Earning Designs/Aliens/LILA/lila-laravel/vendor/spatie/laravel-cookie-consent/src/CookieConsentMiddleware.php(12): Illuminate\Pipeline\Pipeline->Illuminate\Pipeline\{closure}(Object(Illuminate\Http\Request))
#36 /Users/harish/Projects/Earning Designs/Aliens/LILA/lila-laravel/vendor/laravel/framework/src/Illuminate/Pipeline/Pipeline.php(167): Spatie\CookieConsent\CookieConsentMiddleware->handle(Object(Illuminate\Http\Request), Object(Closure))
#37 /Users/harish/Projects/Earning Designs/Aliens/LILA/lila-laravel/vendor/fruitcake/laravel-cors/src/HandleCors.php(37): Illuminate\Pipeline\Pipeline->Illuminate\Pipeline\{closure}(Object(Illuminate\Http\Request))
#38 /Users/harish/Projects/Earning Designs/Aliens/LILA/lila-laravel/vendor/laravel/framework/src/Illuminate/Pipeline/Pipeline.php(167): Fruitcake\Cors\HandleCors->handle(Object(Illuminate\Http\Request), Object(Closure))
#39 /Users/harish/Projects/Earning Designs/Aliens/LILA/lila-laravel/vendor/fideloper/proxy/src/TrustProxies.php(57): Illuminate\Pipeline\Pipeline->Illuminate\Pipeline\{closure}(Object(Illuminate\Http\Request))
#40 /Users/harish/Projects/Earning Designs/Aliens/LILA/lila-laravel/vendor/laravel/framework/src/Illuminate/Pipeline/Pipeline.php(167): Fideloper\Proxy\TrustProxies->handle(Object(Illuminate\Http\Request), Object(Closure))
#41 /Users/harish/Projects/Earning Designs/Aliens/LILA/lila-laravel/vendor/laravel/framework/src/Illuminate/Foundation/Http/Middleware/TransformsRequest.php(21): Illuminate\Pipeline\Pipeline->Illuminate\Pipeline\{closure}(Object(Illuminate\Http\Request))
#42 /Users/harish/Projects/Earning Designs/Aliens/LILA/lila-laravel/vendor/laravel/framework/src/Illuminate/Pipeline/Pipeline.php(167): Illuminate\Foundation\Http\Middleware\TransformsRequest->handle(Object(Illuminate\Http\Request), Object(Closure))
#43 /Users/harish/Projects/Earning Designs/Aliens/LILA/lila-laravel/vendor/laravel/framework/src/Illuminate/Foundation/Http/Middleware/TransformsRequest.php(21): Illuminate\Pipeline\Pipeline->Illuminate\Pipeline\{closure}(Object(Illuminate\Http\Request))
#44 /Users/harish/Projects/Earning Designs/Aliens/LILA/lila-laravel/vendor/laravel/framework/src/Illuminate/Pipeline/Pipeline.php(167): Illuminate\Foundation\Http\Middleware\TransformsRequest->handle(Object(Illuminate\Http\Request), Object(Closure))
#45 /Users/harish/Projects/Earning Designs/Aliens/LILA/lila-laravel/vendor/laravel/framework/src/Illuminate/Foundation/Http/Middleware/ValidatePostSize.php(27): Illuminate\Pipeline\Pipeline->Illuminate\Pipeline\{closure}(Object(Illuminate\Http\Request))
#46 /Users/harish/Projects/Earning Designs/Aliens/LILA/lila-laravel/vendor/laravel/framework/src/Illuminate/Pipeline/Pipeline.php(167): Illuminate\Foundation\Http\Middleware\ValidatePostSize->handle(Object(Illuminate\Http\Request), Object(Closure))
#47 /Users/harish/Projects/Earning Designs/Aliens/LILA/lila-laravel/vendor/laravel/framework/src/Illuminate/Foundation/Http/Middleware/CheckForMaintenanceMode.php(63): Illuminate\Pipeline\Pipeline->Illuminate\Pipeline\{closure}(Object(Illuminate\Http\Request))
#48 /Users/harish/Projects/Earning Designs/Aliens/LILA/lila-laravel/vendor/laravel/framework/src/Illuminate/Pipeline/Pipeline.php(167): Illuminate\Foundation\Http\Middleware\CheckForMaintenanceMode->handle(Object(Illuminate\Http\Request), Object(Closure))
#49 /Users/harish/Projects/Earning Designs/Aliens/LILA/lila-laravel/vendor/laravel/framework/src/Illuminate/Pipeline/Pipeline.php(103): Illuminate\Pipeline\Pipeline->Illuminate\Pipeline\{closure}(Object(Illuminate\Http\Request))
#50 /Users/harish/Projects/Earning Designs/Aliens/LILA/lila-laravel/vendor/laravel/framework/src/Illuminate/Foundation/Http/Kernel.php(140): Illuminate\Pipeline\Pipeline->then(Object(Closure))
#51 /Users/harish/Projects/Earning Designs/Aliens/LILA/lila-laravel/vendor/laravel/framework/src/Illuminate/Foundation/Http/Kernel.php(109): Illuminate\Foundation\Http\Kernel->sendRequestThroughRouter(Object(Illuminate\Http\Request))
#52 /Users/harish/Projects/Earning Designs/Aliens/LILA/lila-laravel/public/index.php(55): Illuminate\Foundation\Http\Kernel->handle(Object(Illuminate\Http\Request))
#53 /Users/harish/Projects/Earning Designs/Aliens/LILA/lila-laravel/server.php(21): require_once('/Users/harish/P...')
#54 {main}
2020-09-29 15:44:54 SEVERE: Exception while retrieving tokens from persistence - zcrmsdk\oauth\exception\ZohoOAuthException Caused by:'No Tokens exist for the given user-identifier,Please generate and try again.' in /Users/harish/Projects/Earning Designs/Aliens/LILA/lila-laravel/vendor/zohocrm/php-sdk/src/oauth/persistence/ZohoOAuthPersistenceByFile.php(57)
#0 /Users/harish/Projects/Earning Designs/Aliens/LILA/lila-laravel/vendor/zohocrm/php-sdk/src/oauth/ZohoOAuthClient.php(38): zcrmsdk\oauth\persistence\ZohoOAuthPersistenceByFile->getOAuthTokens('harish@earningd...')
#1 /Users/harish/Projects/Earning Designs/Aliens/LILA/lila-laravel/vendor/zohocrm/php-sdk/src/crm/utility/ZCRMConfigUtil.php(104): zcrmsdk\oauth\ZohoOAuthClient->getAccessToken('harish@earningd...')
#2 /Users/harish/Projects/Earning Designs/Aliens/LILA/lila-laravel/vendor/zohocrm/php-sdk/src/crm/api/APIRequest.php(88): zcrmsdk\crm\utility\ZCRMConfigUtil::getAccessToken()
#3 /Users/harish/Projects/Earning Designs/Aliens/LILA/lila-laravel/vendor/zohocrm/php-sdk/src/crm/api/APIRequest.php(138): zcrmsdk\crm\api\APIRequest->authenticateRequest()
#4 /Users/harish/Projects/Earning Designs/Aliens/LILA/lila-laravel/vendor/zohocrm/php-sdk/src/crm/api/handler/MassEntityAPIHandler.php(59): zcrmsdk\crm\api\APIRequest->getBulkAPIResponse()
#5 /Users/harish/Projects/Earning Designs/Aliens/LILA/lila-laravel/vendor/zohocrm/php-sdk/src/crm/crud/ZCRMModule.php(1170): zcrmsdk\crm\api\handler\MassEntityAPIHandler->createRecords(Array, NULL, NULL, NULL)
#6 /Users/harish/Projects/Earning Designs/Aliens/LILA/lila-laravel/app/Http/Controllers/ZohoController.php(70): zcrmsdk\crm\crud\ZCRMModule->createRecords(Array)
#7 [internal function]: App\Http\Controllers\ZohoController->createRecords()
#8 /Users/harish/Projects/Earning Designs/Aliens/LILA/lila-laravel/vendor/laravel/framework/src/Illuminate/Routing/Controller.php(54): call_user_func_array(Array, Array)
#9 /Users/harish/Projects/Earning Designs/Aliens/LILA/lila-laravel/vendor/laravel/framework/src/Illuminate/Routing/ControllerDispatcher.php(45): Illuminate\Routing\Controller->callAction('createRecords', Array)
#10 /Users/harish/Projects/Earning Designs/Aliens/LILA/lila-laravel/vendor/laravel/framework/src/Illuminate/Routing/Route.php(225): Illuminate\Routing\ControllerDispatcher->dispatch(Object(Illuminate\Routing\Route), Object(App\Http\Controllers\ZohoController), 'createRecords')
#11 /Users/harish/Projects/Earning Designs/Aliens/LILA/lila-laravel/vendor/laravel/framework/src/Illuminate/Routing/Route.php(182): Illuminate\Routing\Route->runController()
#12 /Users/harish/Projects/Earning Designs/Aliens/LILA/lila-laravel/vendor/laravel/framework/src/Illuminate/Routing/Router.php(681): Illuminate\Routing\Route->run()
#13 /Users/harish/Projects/Earning Designs/Aliens/LILA/lila-laravel/vendor/laravel/framework/src/Illuminate/Pipeline/Pipeline.php(128): Illuminate\Routing\Router->Illuminate\Routing\{closure}(Object(Illuminate\Http\Request))
#14 /Users/harish/Projects/Earning Designs/Aliens/LILA/lila-laravel/vendor/laravel/framework/src/Illuminate/Routing/Middleware/SubstituteBindings.php(41): Illuminate\Pipeline\Pipeline->Illuminate\Pipeline\{closure}(Object(Illuminate\Http\Request))
#15 /Users/harish/Projects/Earning Designs/Aliens/LILA/lila-laravel/vendor/laravel/framework/src/Illuminate/Pipeline/Pipeline.php(167): Illuminate\Routing\Middleware\SubstituteBindings->handle(Object(Illuminate\Http\Request), Object(Closure))
#16 /Users/harish/Projects/Earning Designs/Aliens/LILA/lila-laravel/vendor/laravel/framework/src/Illuminate/Foundation/Http/Middleware/VerifyCsrfToken.php(76): Illuminate\Pipeline\Pipeline->Illuminate\Pipeline\{closure}(Object(Illuminate\Http\Request))
#17 /Users/harish/Projects/Earning Designs/Aliens/LILA/lila-laravel/vendor/laravel/framework/src/Illuminate/Pipeline/Pipeline.php(167): Illuminate\Foundation\Http\Middleware\VerifyCsrfToken->handle(Object(Illuminate\Http\Request), Object(Closure))
#18 /Users/harish/Projects/Earning Designs/Aliens/LILA/lila-laravel/vendor/laravel/framework/src/Illuminate/Session/Middleware/AuthenticateSession.php(58): Illuminate\Pipeline\Pipeline->Illuminate\Pipeline\{closure}(Object(Illuminate\Http\Request))
#19 /Users/harish/Projects/Earning Designs/Aliens/LILA/lila-laravel/vendor/laravel/framework/src/Illuminate/Pipeline/Pipeline.php(167): Illuminate\Session\Middleware\AuthenticateSession->handle(Object(Illuminate\Http\Request), Object(Closure))
#20 /Users/harish/Projects/Earning Designs/Aliens/LILA/lila-laravel/vendor/laravel/framework/src/Illuminate/View/Middleware/ShareErrorsFromSession.php(49): Illuminate\Pipeline\Pipeline->Illuminate\Pipeline\{closure}(Object(Illuminate\Http\Request))
#21 /Users/harish/Projects/Earning Designs/Aliens/LILA/lila-laravel/vendor/laravel/framework/src/Illuminate/Pipeline/Pipeline.php(167): Illuminate\View\Middleware\ShareErrorsFromSession->handle(Object(Illuminate\Http\Request), Object(Closure))
#22 /Users/harish/Projects/Earning Designs/Aliens/LILA/lila-laravel/vendor/laravel/framework/src/Illuminate/Session/Middleware/StartSession.php(56): Illuminate\Pipeline\Pipeline->Illuminate\Pipeline\{closure}(Object(Illuminate\Http\Request))
#23 /Users/harish/Projects/Earning Designs/Aliens/LILA/lila-laravel/vendor/laravel/framework/src/Illuminate/Pipeline/Pipeline.php(167): Illuminate\Session\Middleware\StartSession->handle(Object(Illuminate\Http\Request), Object(Closure))
#24 /Users/harish/Projects/Earning Designs/Aliens/LILA/lila-laravel/vendor/laravel/framework/src/Illuminate/Cookie/Middleware/AddQueuedCookiesToResponse.php(37): Illuminate\Pipeline\Pipeline->Illuminate\Pipeline\{closure}(Object(Illuminate\Http\Request))
#25 /Users/harish/Projects/Earning Designs/Aliens/LILA/lila-laravel/vendor/laravel/framework/src/Illuminate/Pipeline/Pipeline.php(167): Illuminate\Cookie\Middleware\AddQueuedCookiesToResponse->handle(Object(Illuminate\Http\Request), Object(Closure))
#26 /Users/harish/Projects/Earning Designs/Aliens/LILA/lila-laravel/vendor/laravel/framework/src/Illuminate/Cookie/Middleware/EncryptCookies.php(66): Illuminate\Pipeline\Pipeline->Illuminate\Pipeline\{closure}(Object(Illuminate\Http\Request))
#27 /Users/harish/Projects/Earning Designs/Aliens/LILA/lila-laravel/vendor/laravel/framework/src/Illuminate/Pipeline/Pipeline.php(167): Illuminate\Cookie\Middleware\EncryptCookies->handle(Object(Illuminate\Http\Request), Object(Closure))
#28 /Users/harish/Projects/Earning Designs/Aliens/LILA/lila-laravel/vendor/laravel/framework/src/Illuminate/Pipeline/Pipeline.php(103): Illuminate\Pipeline\Pipeline->Illuminate\Pipeline\{closure}(Object(Illuminate\Http\Request))
#29 /Users/harish/Projects/Earning Designs/Aliens/LILA/lila-laravel/vendor/laravel/framework/src/Illuminate/Routing/Router.php(683): Illuminate\Pipeline\Pipeline->then(Object(Closure))
#30 /Users/harish/Projects/Earning Designs/Aliens/LILA/lila-laravel/vendor/laravel/framework/src/Illuminate/Routing/Router.php(658): Illuminate\Routing\Router->runRouteWithinStack(Object(Illuminate\Routing\Route), Object(Illuminate\Http\Request))
#31 /Users/harish/Projects/Earning Designs/Aliens/LILA/lila-laravel/vendor/laravel/framework/src/Illuminate/Routing/Router.php(624): Illuminate\Routing\Router->runRoute(Object(Illuminate\Http\Request), Object(Illuminate\Routing\Route))
#32 /Users/harish/Projects/Earning Designs/Aliens/LILA/lila-laravel/vendor/laravel/framework/src/Illuminate/Routing/Router.php(613): Illuminate\Routing\Router->dispatchToRoute(Object(Illuminate\Http\Request))
#33 /Users/harish/Projects/Earning Designs/Aliens/LILA/lila-laravel/vendor/laravel/framework/src/Illuminate/Foundation/Http/Kernel.php(165): Illuminate\Routing\Router->dispatch(Object(Illuminate\Http\Request))
#34 /Users/harish/Projects/Earning Designs/Aliens/LILA/lila-laravel/vendor/laravel/framework/src/Illuminate/Pipeline/Pipeline.php(128): Illuminate\Foundation\Http\Kernel->Illuminate\Foundation\Http\{closure}(Object(Illuminate\Http\Request))
#35 /Users/harish/Projects/Earning Designs/Aliens/LILA/lila-laravel/vendor/spatie/laravel-cookie-consent/src/CookieConsentMiddleware.php(12): Illuminate\Pipeline\Pipeline->Illuminate\Pipeline\{closure}(Object(Illuminate\Http\Request))
#36 /Users/harish/Projects/Earning Designs/Aliens/LILA/lila-laravel/vendor/laravel/framework/src/Illuminate/Pipeline/Pipeline.php(167): Spatie\CookieConsent\CookieConsentMiddleware->handle(Object(Illuminate\Http\Request), Object(Closure))
#37 /Users/harish/Projects/Earning Designs/Aliens/LILA/lila-laravel/vendor/fruitcake/laravel-cors/src/HandleCors.php(37): Illuminate\Pipeline\Pipeline->Illuminate\Pipeline\{closure}(Object(Illuminate\Http\Request))
#38 /Users/harish/Projects/Earning Designs/Aliens/LILA/lila-laravel/vendor/laravel/framework/src/Illuminate/Pipeline/Pipeline.php(167): Fruitcake\Cors\HandleCors->handle(Object(Illuminate\Http\Request), Object(Closure))
#39 /Users/harish/Projects/Earning Designs/Aliens/LILA/lila-laravel/vendor/fideloper/proxy/src/TrustProxies.php(57): Illuminate\Pipeline\Pipeline->Illuminate\Pipeline\{closure}(Object(Illuminate\Http\Request))
#40 /Users/harish/Projects/Earning Designs/Aliens/LILA/lila-laravel/vendor/laravel/framework/src/Illuminate/Pipeline/Pipeline.php(167): Fideloper\Proxy\TrustProxies->handle(Object(Illuminate\Http\Request), Object(Closure))
#41 /Users/harish/Projects/Earning Designs/Aliens/LILA/lila-laravel/vendor/laravel/framework/src/Illuminate/Foundation/Http/Middleware/TransformsRequest.php(21): Illuminate\Pipeline\Pipeline->Illuminate\Pipeline\{closure}(Object(Illuminate\Http\Request))
#42 /Users/harish/Projects/Earning Designs/Aliens/LILA/lila-laravel/vendor/laravel/framework/src/Illuminate/Pipeline/Pipeline.php(167): Illuminate\Foundation\Http\Middleware\TransformsRequest->handle(Object(Illuminate\Http\Request), Object(Closure))
#43 /Users/harish/Projects/Earning Designs/Aliens/LILA/lila-laravel/vendor/laravel/framework/src/Illuminate/Foundation/Http/Middleware/TransformsRequest.php(21): Illuminate\Pipeline\Pipeline->Illuminate\Pipeline\{closure}(Object(Illuminate\Http\Request))
#44 /Users/harish/Projects/Earning Designs/Aliens/LILA/lila-laravel/vendor/laravel/framework/src/Illuminate/Pipeline/Pipeline.php(167): Illuminate\Foundation\Http\Middleware\TransformsRequest->handle(Object(Illuminate\Http\Request), Object(Closure))
#45 /Users/harish/Projects/Earning Designs/Aliens/LILA/lila-laravel/vendor/laravel/framework/src/Illuminate/Foundation/Http/Middleware/ValidatePostSize.php(27): Illuminate\Pipeline\Pipeline->Illuminate\Pipeline\{closure}(Object(Illuminate\Http\Request))
#46 /Users/harish/Projects/Earning Designs/Aliens/LILA/lila-laravel/vendor/laravel/framework/src/Illuminate/Pipeline/Pipeline.php(167): Illuminate\Foundation\Http\Middleware\ValidatePostSize->handle(Object(Illuminate\Http\Request), Object(Closure))
#47 /Users/harish/Projects/Earning Designs/Aliens/LILA/lila-laravel/vendor/laravel/framework/src/Illuminate/Foundation/Http/Middleware/CheckForMaintenanceMode.php(63): Illuminate\Pipeline\Pipeline->Illuminate\Pipeline\{closure}(Object(Illuminate\Http\Request))
#48 /Users/harish/Projects/Earning Designs/Aliens/LILA/lila-laravel/vendor/laravel/framework/src/Illuminate/Pipeline/Pipeline.php(167): Illuminate\Foundation\Http\Middleware\CheckForMaintenanceMode->handle(Object(Illuminate\Http\Request), Object(Closure))
#49 /Users/harish/Projects/Earning Designs/Aliens/LILA/lila-laravel/vendor/laravel/framework/src/Illuminate/Pipeline/Pipeline.php(103): Illuminate\Pipeline\Pipeline->Illuminate\Pipeline\{closure}(Object(Illuminate\Http\Request))
#50 /Users/harish/Projects/Earning Designs/Aliens/LILA/lila-laravel/vendor/laravel/framework/src/Illuminate/Foundation/Http/Kernel.php(140): Illuminate\Pipeline\Pipeline->then(Object(Closure))
#51 /Users/harish/Projects/Earning Designs/Aliens/LILA/lila-laravel/vendor/laravel/framework/src/Illuminate/Foundation/Http/Kernel.php(109): Illuminate\Foundation\Http\Kernel->sendRequestThroughRouter(Object(Illuminate\Http\Request))
#52 /Users/harish/Projects/Earning Designs/Aliens/LILA/lila-laravel/public/index.php(55): Illuminate\Foundation\Http\Kernel->handle(Object(Illuminate\Http\Request))
#53 /Users/harish/Projects/Earning Designs/Aliens/LILA/lila-laravel/server.php(21): require_once('/Users/harish/P...')
#54 {main}
2020-09-29 22:51:07 INFO: Access Token has expired. Hence refreshing.
